[2024-01-29 00:00:14 [32mINFO [0;39m File Watcher] [org.springframework.boot.devtools.autoconfigure.LocalDevToolsAutoConfiguration$RestartingClassPathChangeChangedEventListener] [36mRestarting due to 1 class path change (0 additions, 0 deletions, 1 modification)[0;39m
[2024-01-29 00:00:14 [32mINFO [0;39m Thread-5] [org.apache.coyote.http11.Http11NioProtocol] [36mStopping ProtocolHandler ["http-nio-8081"][0;39m
[2024-01-29 00:00:15 [32mINFO [0;39m Thread-5] [com.zaxxer.hikari.HikariDataSource] [36mHikariPool-1 - Shutdown initiated...[0;39m
[2024-01-29 00:00:15 [32mINFO [0;39m Thread-5] [com.zaxxer.hikari.HikariDataSource] [36mHikariPool-1 - Shutdown completed.[0;39m
[2024-01-29 00:00:15 [32mINFO [0;39m restartedMain] [com.green.hoteldog.HoteldogApplication] [36mStarting HoteldogApplication using Java 17.0.8.1 with PID 32684 (E:\spring\project_test_2\target\classes started by 소르눈 in E:\spring\project_test_2)[0;39m
[2024-01-29 00:00:15 [32mINFO [0;39m restartedMain] [com.green.hoteldog.HoteldogApplication] [36mNo active profile set, falling back to 1 default profile: "default"[0;39m
[2024-01-29 00:00:15 [32mINFO [0;39m restartedMain] [org.springframework.data.repository.config.RepositoryConfigurationDelegate] [36mMultiple Spring Data modules found, entering strict repository configuration mode[0;39m
[2024-01-29 00:00:15 [32mINFO [0;39m restartedMain] [org.springframework.data.repository.config.RepositoryConfigurationDelegate] [36mBootstrapping Spring Data Redis repositories in DEFAULT mode.[0;39m
[2024-01-29 00:00:15 [32mINFO [0;39m restartedMain] [org.springframework.data.repository.config.RepositoryConfigurationDelegate] [36mFinished Spring Data repository scanning in 1 ms. Found 0 Redis repository interfaces.[0;39m
[2024-01-29 00:00:15 [32mINFO [0;39m restartedMain] [org.springframework.data.repository.config.RepositoryConfigurationDelegate] [36mMultiple Spring Data modules found, entering strict repository configuration mode[0;39m
[2024-01-29 00:00:15 [32mINFO [0;39m restartedMain] [org.springframework.data.repository.config.RepositoryConfigurationDelegate] [36mBootstrapping Spring Data Redis repositories in DEFAULT mode.[0;39m
[2024-01-29 00:00:15 [32mINFO [0;39m restartedMain] [org.springframework.data.repository.config.RepositoryConfigurationDelegate] [36mFinished Spring Data repository scanning in 5 ms. Found 0 Redis repository interfaces.[0;39m
[2024-01-29 00:00:15 [32mINFO [0;39m restartedMain] [org.springframework.boot.web.embedded.tomcat.TomcatWebServer] [36mTomcat initialized with port 8081 (http)[0;39m
[2024-01-29 00:00:15 [32mINFO [0;39m restartedMain] [org.apache.coyote.http11.Http11NioProtocol] [36mInitializing ProtocolHandler ["http-nio-8081"][0;39m
[2024-01-29 00:00:15 [32mINFO [0;39m restartedMain] [org.apache.catalina.core.StandardService] [36mStarting service [Tomcat][0;39m
[2024-01-29 00:00:15 [32mINFO [0;39m restartedMain] [org.apache.catalina.core.StandardEngine] [36mStarting Servlet engine: [Apache Tomcat/10.1.17][0;39m
[2024-01-29 00:00:15 [32mINFO [0;39m restartedMain] [org.apache.catalina.core.ContainerBase.[Tomcat].[localhost].[/]] [36mInitializing Spring embedded WebApplicationContext[0;39m
[2024-01-29 00:00:15 [32mINFO [0;39m restartedMain] [org.springframework.boot.web.servlet.context.ServletWebServerApplicationContext] [36mRoot WebApplicationContext: initialization completed in 307 ms[0;39m
[2024-01-29 00:00:15 [33mWARN [0;39m restartedMain] [org.springframework.boot.autoconfigure.security.servlet.UserDetailsServiceAutoConfiguration] [36m

Using generated security password: b1f6fcf3-aade-43a3-b6fb-d443a599fdf3

This generated password is for development use only. Your security configuration must be updated before running your application in production.
[0;39m
[2024-01-29 00:00:15 [32mINFO [0;39m restartedMain] [org.springframework.security.web.DefaultSecurityFilterChain] [36mWill secure any request with [org.springframework.security.web.session.DisableEncodeUrlFilter@1253944b, org.springframework.security.web.context.request.async.WebAsyncManagerIntegrationFilter@4c4c45c4, org.springframework.security.web.context.SecurityContextHolderFilter@6839eeb9, org.springframework.security.web.header.HeaderWriterFilter@488f8669, org.springframework.web.filter.CorsFilter@576cbc2d, org.springframework.security.web.authentication.logout.LogoutFilter@47132a57, com.green.hoteldog.security.JwtAuthenticationFilter@1ba11c2e, org.springframework.security.web.savedrequest.RequestCacheAwareFilter@161b4cc2, org.springframework.security.web.servletapi.SecurityContextHolderAwareRequestFilter@22132ca6, org.springframework.security.web.authentication.AnonymousAuthenticationFilter@1c8fcef5, org.springframework.security.web.session.SessionManagementFilter@73c62dfe, org.springframework.security.web.access.ExceptionTranslationFilter@7e801b9f, org.springframework.security.web.access.intercept.AuthorizationFilter@30ef68f5][0;39m
[2024-01-29 00:00:15 [32mINFO [0;39m restartedMain] [org.springframework.boot.devtools.autoconfigure.OptionalLiveReloadServer] [36mLiveReload server is running on port 35729[0;39m
[2024-01-29 00:00:15 [32mINFO [0;39m restartedMain] [org.apache.coyote.http11.Http11NioProtocol] [36mStarting ProtocolHandler ["http-nio-8081"][0;39m
[2024-01-29 00:00:15 [32mINFO [0;39m restartedMain] [org.springframework.boot.web.embedded.tomcat.TomcatWebServer] [36mTomcat started on port 8081 (http) with context path ''[0;39m
[2024-01-29 00:00:15 [32mINFO [0;39m restartedMain] [com.green.hoteldog.HoteldogApplication] [36mStarted HoteldogApplication in 0.587 seconds (process running for 70.198)[0;39m
[2024-01-29 00:00:15 [32mINFO [0;39m restartedMain] [org.springframework.boot.devtools.autoconfigure.ConditionEvaluationDeltaLoggingListener] [36mCondition evaluation unchanged[0;39m
[2024-01-29 00:00:45 [32mINFO [0;39m restartedMain] [com.green.hoteldog.HoteldogApplication] [36mStarting HoteldogApplication using Java 17.0.8.1 with PID 22404 (E:\spring\project_test_2\target\classes started by 소르눈 in E:\spring\project_test_2)[0;39m
[2024-01-29 00:00:45 [32mINFO [0;39m restartedMain] [com.green.hoteldog.HoteldogApplication] [36mNo active profile set, falling back to 1 default profile: "default"[0;39m
[2024-01-29 00:00:45 [32mINFO [0;39m restartedMain] [org.springframework.boot.devtools.env.DevToolsPropertyDefaultsPostProcessor] [36mDevtools property defaults active! Set 'spring.devtools.add-properties' to 'false' to disable[0;39m
[2024-01-29 00:00:45 [32mINFO [0;39m restartedMain] [org.springframework.boot.devtools.env.DevToolsPropertyDefaultsPostProcessor] [36mFor additional web related logging consider setting the 'logging.level.web' property to 'DEBUG'[0;39m
[2024-01-29 00:00:45 [32mINFO [0;39m restartedMain] [org.springframework.data.repository.config.RepositoryConfigurationDelegate] [36mMultiple Spring Data modules found, entering strict repository configuration mode[0;39m
[2024-01-29 00:00:45 [32mINFO [0;39m restartedMain] [org.springframework.data.repository.config.RepositoryConfigurationDelegate] [36mBootstrapping Spring Data Redis repositories in DEFAULT mode.[0;39m
[2024-01-29 00:00:45 [32mINFO [0;39m restartedMain] [org.springframework.data.repository.config.RepositoryConfigurationDelegate] [36mFinished Spring Data repository scanning in 4 ms. Found 0 Redis repository interfaces.[0;39m
[2024-01-29 00:00:46 [32mINFO [0;39m restartedMain] [org.springframework.data.repository.config.RepositoryConfigurationDelegate] [36mMultiple Spring Data modules found, entering strict repository configuration mode[0;39m
[2024-01-29 00:00:46 [32mINFO [0;39m restartedMain] [org.springframework.data.repository.config.RepositoryConfigurationDelegate] [36mBootstrapping Spring Data Redis repositories in DEFAULT mode.[0;39m
[2024-01-29 00:00:46 [32mINFO [0;39m restartedMain] [org.springframework.data.repository.config.RepositoryConfigurationDelegate] [36mFinished Spring Data repository scanning in 8 ms. Found 0 Redis repository interfaces.[0;39m
[2024-01-29 00:00:46 [32mINFO [0;39m restartedMain] [org.springframework.boot.web.embedded.tomcat.TomcatWebServer] [36mTomcat initialized with port 8081 (http)[0;39m
[2024-01-29 00:00:46 [32mINFO [0;39m restartedMain] [org.apache.coyote.http11.Http11NioProtocol] [36mInitializing ProtocolHandler ["http-nio-8081"][0;39m
[2024-01-29 00:00:46 [32mINFO [0;39m restartedMain] [org.apache.catalina.core.StandardService] [36mStarting service [Tomcat][0;39m
[2024-01-29 00:00:46 [32mINFO [0;39m restartedMain] [org.apache.catalina.core.StandardEngine] [36mStarting Servlet engine: [Apache Tomcat/10.1.17][0;39m
[2024-01-29 00:00:46 [32mINFO [0;39m restartedMain] [org.apache.catalina.core.ContainerBase.[Tomcat].[localhost].[/]] [36mInitializing Spring embedded WebApplicationContext[0;39m
[2024-01-29 00:00:46 [32mINFO [0;39m restartedMain] [org.springframework.boot.web.servlet.context.ServletWebServerApplicationContext] [36mRoot WebApplicationContext: initialization completed in 1175 ms[0;39m
[2024-01-29 00:00:47 [33mWARN [0;39m restartedMain] [org.springframework.boot.autoconfigure.security.servlet.UserDetailsServiceAutoConfiguration] [36m

Using generated security password: d4699759-53ec-4a5b-8baa-ab254fff6481

This generated password is for development use only. Your security configuration must be updated before running your application in production.
[0;39m
[2024-01-29 00:00:47 [32mINFO [0;39m restartedMain] [org.springframework.security.web.DefaultSecurityFilterChain] [36mWill secure any request with [org.springframework.security.web.session.DisableEncodeUrlFilter@58d22e73, org.springframework.security.web.context.request.async.WebAsyncManagerIntegrationFilter@da4e648, org.springframework.security.web.context.SecurityContextHolderFilter@481352b3, org.springframework.security.web.header.HeaderWriterFilter@6eeb1a5f, org.springframework.web.filter.CorsFilter@3dfe04, org.springframework.security.web.authentication.logout.LogoutFilter@7a70e5f5, com.green.hoteldog.security.JwtAuthenticationFilter@4fc62542, org.springframework.security.web.savedrequest.RequestCacheAwareFilter@5bc65699, org.springframework.security.web.servletapi.SecurityContextHolderAwareRequestFilter@5d80ab4e, org.springframework.security.web.authentication.AnonymousAuthenticationFilter@1b4d3eea, org.springframework.security.web.session.SessionManagementFilter@66377e93, org.springframework.security.web.access.ExceptionTranslationFilter@290d6036, org.springframework.security.web.access.intercept.AuthorizationFilter@7ee578d1][0;39m
[2024-01-29 00:00:47 [32mINFO [0;39m restartedMain] [org.springframework.boot.devtools.autoconfigure.OptionalLiveReloadServer] [36mLiveReload server is running on port 35729[0;39m
[2024-01-29 00:00:47 [32mINFO [0;39m restartedMain] [org.apache.coyote.http11.Http11NioProtocol] [36mStarting ProtocolHandler ["http-nio-8081"][0;39m
[2024-01-29 00:00:47 [32mINFO [0;39m restartedMain] [org.springframework.boot.web.embedded.tomcat.TomcatWebServer] [36mTomcat started on port 8081 (http) with context path ''[0;39m
[2024-01-29 00:00:47 [32mINFO [0;39m restartedMain] [com.green.hoteldog.HoteldogApplication] [36mStarted HoteldogApplication in 2.545 seconds (process running for 3.154)[0;39m
[2024-01-29 00:00:50 [32mINFO [0;39m http-nio-8081-exec-1] [org.apache.catalina.core.ContainerBase.[Tomcat].[localhost].[/]] [36mInitializing Spring DispatcherServlet 'dispatcherServlet'[0;39m
[2024-01-29 00:00:50 [32mINFO [0;39m http-nio-8081-exec-1] [org.springframework.web.servlet.DispatcherServlet] [36mInitializing Servlet 'dispatcherServlet'[0;39m
[2024-01-29 00:00:50 [32mINFO [0;39m http-nio-8081-exec-1] [org.springframework.web.servlet.DispatcherServlet] [36mCompleted initialization in 1 ms[0;39m
[2024-01-29 00:00:50 [32mINFO [0;39m http-nio-8081-exec-1] [com.green.hoteldog.security.JwtAuthenticationFilter] [36mtoken : eyJhbGciOiJIUzI1NiJ9.eyJ1c2VyIjoie1widXNlclBrXCI6NzN9IiwiaWF0IjoxNzA2NDUzODQyLCJleHAiOjE3MDY0NjEwNDJ9.jN3O0NZO8azT5z4rLQWkK71GCdgulTAm0zmPtVTdV0U[0;39m
[2024-01-29 00:00:50 [32mINFO [0;39m http-nio-8081-exec-1] [com.zaxxer.hikari.HikariDataSource] [36mHikariPool-1 - Starting...[0;39m
[2024-01-29 00:00:50 [32mINFO [0;39m http-nio-8081-exec-1] [com.zaxxer.hikari.pool.HikariPool] [36mHikariPool-1 - Added connection org.mariadb.jdbc.Connection@3e0dce98[0;39m
[2024-01-29 00:00:50 [32mINFO [0;39m http-nio-8081-exec-1] [com.zaxxer.hikari.HikariDataSource] [36mHikariPool-1 - Start completed.[0;39m
[2024-01-29 00:00:50 [33mWARN [0;39m http-nio-8081-exec-1] [org.mariadb.jdbc.message.server.ErrorPacket] [36mError: 1054-42S22: Unknown column 'room_left_ea' in 'field list'[0;39m
[2024-01-29 00:00:51 [31mERROR[0;39m http-nio-8081-exec-1] [com.green.hoteldog.exceptions.CustomExceptionHandler] [36mException[0;39m
org.springframework.jdbc.BadSqlGrammarException: 
### Error updating database.  Cause: java.sql.SQLSyntaxErrorException: (conn=207) Unknown column 'room_left_ea' in 'field list'
### The error may exist in file [E:\spring\project_test_2\target\classes\mappers\HotelMapper.xml]
### The error may involve defaultParameterMap
### The error occurred while setting parameters
### SQL: INSERT INTO t_hotel_res_room         (hotel_room_pk , room_left_ea , room_date)         VALUES                        (? , ? , ?)          ,              (? , ? , ?)          ,              (? , ? , ?)          ,              (? , ? , ?)          ,              (? , ? , ?)          ,              (? , ? , ?)          ,              (? , ? , ?)          ,              (? , ? , ?)          ,              (? , ? , ?)          ,              (? , ? , ?)          ,              (? , ? , ?)          ,              (? , ? , ?)          ,              (? , ? , ?)          ,              (? , ? , ?)          ,              (? , ? , ?)          ,              (? , ? , ?)          ,              (? , ? , ?)          ,              (? , ? , ?)          ,              (? , ? , ?)          ,              (? , ? , ?)          ,              (? , ? , ?)          ,              (? , ? , ?)          ,              (? , ? , ?)          ,              (? , ? , ?)          ,              (? , ? , ?)          ,              (? , ? , ?)          ,              (? , ? , ?)          ,              (? , ? , ?)          ,              (? , ? , ?)          ,              (? , ? , ?)          ,              (? , ? , ?)          ,              (? , ? , ?)          ,              (? , ? , ?)          ,              (? , ? , ?)          ,              (? , ? , ?)          ,              (? , ? , ?)          ,              (? , ? , ?)          ,              (? , ? , ?)          ,              (? , ? , ?)          ,              (? , ? , ?)          ,              (? , ? , ?)          ,              (? , ? , ?)          ,              (? , ? , ?)          ,              (? , ? , ?)          ,              (? , ? , ?)          ,              (? , ? , ?)          ,              (? , ? , ?)          ,              (? , ? , ?)          ,              (? , ? , ?)          ,              (? , ? , ?)          ,              (? , ? , ?)          ,              (? , ? , ?)          ,              (? , ? , ?)          ,              (? , ? , ?)          ,              (? , ? , ?)          ,              (? , ? , ?)          ,              (? , ? , ?)          ,              (? , ? , ?)          ,              (? , ? , ?)          ,              (? , ? , ?)
### Cause: java.sql.SQLSyntaxErrorException: (conn=207) Unknown column 'room_left_ea' in 'field list'
; bad SQL grammar []
	at org.springframework.jdbc.support.SQLErrorCodeSQLExceptionTranslator.doTranslate(SQLErrorCodeSQLExceptionTranslator.java:246)
	at org.springframework.jdbc.support.AbstractFallbackSQLExceptionTranslator.translate(AbstractFallbackSQLExceptionTranslator.java:107)
	at org.mybatis.spring.MyBatisExceptionTranslator.translateExceptionIfPossible(MyBatisExceptionTranslator.java:92)
	at org.mybatis.spring.SqlSessionTemplate$SqlSessionInterceptor.invoke(SqlSessionTemplate.java:439)
	at jdk.proxy2/jdk.proxy2.$Proxy97.insert(Unknown Source)
	at org.mybatis.spring.SqlSessionTemplate.insert(SqlSessionTemplate.java:272)
	at org.apache.ibatis.binding.MapperMethod.execute(MapperMethod.java:62)
	at org.apache.ibatis.binding.MapperProxy$PlainMethodInvoker.invoke(MapperProxy.java:141)
	at org.apache.ibatis.binding.MapperProxy.invoke(MapperProxy.java:86)
	at jdk.proxy3/jdk.proxy3.$Proxy109.insHotelRoomInfoDate(Unknown Source)
	at com.green.hoteldog.hotel.HotelService.insHotelRoom(HotelService.java:504)
	at java.base/jdk.internal.reflect.NativeMethodAccessorImpl.invoke0(Native Method)
	at java.base/jdk.internal.reflect.NativeMethodAccessorImpl.invoke(NativeMethodAccessorImpl.java:77)
	at java.base/jdk.internal.reflect.DelegatingMethodAccessorImpl.invoke(DelegatingMethodAccessorImpl.java:43)
	at java.base/java.lang.reflect.Method.invoke(Method.java:568)
	at org.springframework.aop.support.AopUtils.invokeJoinpointUsingReflection(AopUtils.java:352)
	at org.springframework.aop.framework.ReflectiveMethodInvocation.invokeJoinpoint(ReflectiveMethodInvocation.java:196)
	at org.springframework.aop.framework.ReflectiveMethodInvocation.proceed(ReflectiveMethodInvocation.java:163)
	at org.springframework.aop.framework.CglibAopProxy$CglibMethodInvocation.proceed(CglibAopProxy.java:765)
	at org.springframework.transaction.interceptor.TransactionInterceptor$1.proceedWithInvocation(TransactionInterceptor.java:123)
	at org.springframework.transaction.interceptor.TransactionAspectSupport.invokeWithinTransaction(TransactionAspectSupport.java:385)
	at org.springframework.transaction.interceptor.TransactionInterceptor.invoke(TransactionInterceptor.java:119)
	at org.springframework.aop.framework.ReflectiveMethodInvocation.proceed(ReflectiveMethodInvocation.java:184)
	at org.springframework.aop.framework.CglibAopProxy$CglibMethodInvocation.proceed(CglibAopProxy.java:765)
	at org.springframework.aop.framework.CglibAopProxy$DynamicAdvisedInterceptor.intercept(CglibAopProxy.java:717)
	at com.green.hoteldog.hotel.HotelService$$SpringCGLIB$$0.insHotelRoom(<generated>)
	at com.green.hoteldog.hotel.HotelController.hotelRoomRegistration(HotelController.java:97)
	at java.base/jdk.internal.reflect.NativeMethodAccessorImpl.invoke0(Native Method)
	at java.base/jdk.internal.reflect.NativeMethodAccessorImpl.invoke(NativeMethodAccessorImpl.java:77)
	at java.base/jdk.internal.reflect.DelegatingMethodAccessorImpl.invoke(DelegatingMethodAccessorImpl.java:43)
	at java.base/java.lang.reflect.Method.invoke(Method.java:568)
	at org.springframework.web.method.support.InvocableHandlerMethod.doInvoke(InvocableHandlerMethod.java:262)
	at org.springframework.web.method.support.InvocableHandlerMethod.invokeForRequest(InvocableHandlerMethod.java:190)
	at org.springframework.web.servlet.mvc.method.annotation.ServletInvocableHandlerMethod.invokeAndHandle(ServletInvocableHandlerMethod.java:118)
	at org.springframework.web.servlet.mvc.method.annotation.RequestMappingHandlerAdapter.invokeHandlerMethod(RequestMappingHandlerAdapter.java:917)
	at org.springframework.web.servlet.mvc.method.annotation.RequestMappingHandlerAdapter.handleInternal(RequestMappingHandlerAdapter.java:829)
	at org.springframework.web.servlet.mvc.method.AbstractHandlerMethodAdapter.handle(AbstractHandlerMethodAdapter.java:87)
	at org.springframework.web.servlet.DispatcherServlet.doDispatch(DispatcherServlet.java:1089)
	at org.springframework.web.servlet.DispatcherServlet.doService(DispatcherServlet.java:979)
	at org.springframework.web.servlet.FrameworkServlet.processRequest(FrameworkServlet.java:1014)
	at org.springframework.web.servlet.FrameworkServlet.doPost(FrameworkServlet.java:914)
	at jakarta.servlet.http.HttpServlet.service(HttpServlet.java:590)
	at org.springframework.web.servlet.FrameworkServlet.service(FrameworkServlet.java:885)
	at jakarta.servlet.http.HttpServlet.service(HttpServlet.java:658)
	at org.apache.catalina.core.ApplicationFilterChain.internalDoFilter(ApplicationFilterChain.java:205)
	at org.apache.catalina.core.ApplicationFilterChain.doFilter(ApplicationFilterChain.java:149)
	at org.apache.tomcat.websocket.server.WsFilter.doFilter(WsFilter.java:51)
	at org.apache.catalina.core.ApplicationFilterChain.internalDoFilter(ApplicationFilterChain.java:174)
	at org.apache.catalina.core.ApplicationFilterChain.doFilter(ApplicationFilterChain.java:149)
	at org.springframework.web.filter.OncePerRequestFilter.doFilter(OncePerRequestFilter.java:110)
	at org.apache.catalina.core.ApplicationFilterChain.internalDoFilter(ApplicationFilterChain.java:174)
	at org.apache.catalina.core.ApplicationFilterChain.doFilter(ApplicationFilterChain.java:149)
	at org.springframework.web.filter.CompositeFilter$VirtualFilterChain.doFilter(CompositeFilter.java:108)
	at org.springframework.security.web.FilterChainProxy.lambda$doFilterInternal$3(FilterChainProxy.java:231)
	at org.springframework.security.web.FilterChainProxy$VirtualFilterChain.doFilter(FilterChainProxy.java:365)
	at org.springframework.security.web.access.intercept.AuthorizationFilter.doFilter(AuthorizationFilter.java:100)
	at org.springframework.security.web.FilterChainProxy$VirtualFilterChain.doFilter(FilterChainProxy.java:374)
	at org.springframework.security.web.access.ExceptionTranslationFilter.doFilter(ExceptionTranslationFilter.java:126)
	at org.springframework.security.web.access.ExceptionTranslationFilter.doFilter(ExceptionTranslationFilter.java:120)
	at org.springframework.security.web.FilterChainProxy$VirtualFilterChain.doFilter(FilterChainProxy.java:374)
	at org.springframework.security.web.session.SessionManagementFilter.doFilter(SessionManagementFilter.java:131)
	at org.springframework.security.web.session.SessionManagementFilter.doFilter(SessionManagementFilter.java:85)
	at org.springframework.security.web.FilterChainProxy$VirtualFilterChain.doFilter(FilterChainProxy.java:374)
	at org.springframework.security.web.authentication.AnonymousAuthenticationFilter.doFilter(AnonymousAuthenticationFilter.java:100)
	at org.springframework.security.web.FilterChainProxy$VirtualFilterChain.doFilter(FilterChainProxy.java:374)
	at org.springframework.security.web.servletapi.SecurityContextHolderAwareRequestFilter.doFilter(SecurityContextHolderAwareRequestFilter.java:179)
	at org.springframework.security.web.FilterChainProxy$VirtualFilterChain.doFilter(FilterChainProxy.java:374)
	at org.springframework.security.web.savedrequest.RequestCacheAwareFilter.doFilter(RequestCacheAwareFilter.java:63)
	at org.springframework.security.web.FilterChainProxy$VirtualFilterChain.doFilter(FilterChainProxy.java:374)
	at com.green.hoteldog.security.JwtAuthenticationFilter.doFilterInternal(JwtAuthenticationFilter.java:39)
	at org.springframework.web.filter.OncePerRequestFilter.doFilter(OncePerRequestFilter.java:116)
	at org.springframework.security.web.FilterChainProxy$VirtualFilterChain.doFilter(FilterChainProxy.java:374)
	at org.springframework.security.web.authentication.logout.LogoutFilter.doFilter(LogoutFilter.java:107)
	at org.springframework.security.web.authentication.logout.LogoutFilter.doFilter(LogoutFilter.java:93)
	at org.springframework.security.web.FilterChainProxy$VirtualFilterChain.doFilter(FilterChainProxy.java:374)
	at org.springframework.web.filter.CorsFilter.doFilterInternal(CorsFilter.java:91)
	at org.springframework.web.filter.OncePerRequestFilter.doFilter(OncePerRequestFilter.java:116)
	at org.springframework.security.web.FilterChainProxy$VirtualFilterChain.doFilter(FilterChainProxy.java:374)
	at org.springframework.security.web.header.HeaderWriterFilter.doHeadersAfter(HeaderWriterFilter.java:90)
	at org.springframework.security.web.header.HeaderWriterFilter.doFilterInternal(HeaderWriterFilter.java:75)
	at org.springframework.web.filter.OncePerRequestFilter.doFilter(OncePerRequestFilter.java:116)
	at org.springframework.security.web.FilterChainProxy$VirtualFilterChain.doFilter(FilterChainProxy.java:374)
	at org.springframework.security.web.context.SecurityContextHolderFilter.doFilter(SecurityContextHolderFilter.java:82)
	at org.springframework.security.web.context.SecurityContextHolderFilter.doFilter(SecurityContextHolderFilter.java:69)
	at org.springframework.security.web.FilterChainProxy$VirtualFilterChain.doFilter(FilterChainProxy.java:374)
	at org.springframework.security.web.context.request.async.WebAsyncManagerIntegrationFilter.doFilterInternal(WebAsyncManagerIntegrationFilter.java:62)
	at org.springframework.web.filter.OncePerRequestFilter.doFilter(OncePerRequestFilter.java:116)
	at org.springframework.security.web.FilterChainProxy$VirtualFilterChain.doFilter(FilterChainProxy.java:374)
	at org.springframework.security.web.session.DisableEncodeUrlFilter.doFilterInternal(DisableEncodeUrlFilter.java:42)
	at org.springframework.web.filter.OncePerRequestFilter.doFilter(OncePerRequestFilter.java:116)
	at org.springframework.security.web.FilterChainProxy$VirtualFilterChain.doFilter(FilterChainProxy.java:374)
	at org.springframework.security.web.FilterChainProxy.doFilterInternal(FilterChainProxy.java:233)
	at org.springframework.security.web.FilterChainProxy.doFilter(FilterChainProxy.java:191)
	at org.springframework.web.filter.CompositeFilter$VirtualFilterChain.doFilter(CompositeFilter.java:113)
	at org.springframework.web.servlet.handler.HandlerMappingIntrospector.lambda$createCacheFilter$3(HandlerMappingIntrospector.java:195)
	at org.springframework.web.filter.CompositeFilter$VirtualFilterChain.doFilter(CompositeFilter.java:113)
	at org.springframework.web.filter.CompositeFilter.doFilter(CompositeFilter.java:74)
	at org.springframework.security.config.annotation.web.configuration.WebMvcSecurityConfiguration$CompositeFilterChainProxy.doFilter(WebMvcSecurityConfiguration.java:225)
	at org.springframework.web.filter.DelegatingFilterProxy.invokeDelegate(DelegatingFilterProxy.java:352)
	at org.springframework.web.filter.DelegatingFilterProxy.doFilter(DelegatingFilterProxy.java:268)
	at org.apache.catalina.core.ApplicationFilterChain.internalDoFilter(ApplicationFilterChain.java:174)
	at org.apache.catalina.core.ApplicationFilterChain.doFilter(ApplicationFilterChain.java:149)
	at org.springframework.web.filter.RequestContextFilter.doFilterInternal(RequestContextFilter.java:100)
	at org.springframework.web.filter.OncePerRequestFilter.doFilter(OncePerRequestFilter.java:116)
	at org.apache.catalina.core.ApplicationFilterChain.internalDoFilter(ApplicationFilterChain.java:174)
	at org.apache.catalina.core.ApplicationFilterChain.doFilter(ApplicationFilterChain.java:149)
	at org.springframework.web.filter.FormContentFilter.doFilterInternal(FormContentFilter.java:93)
	at org.springframework.web.filter.OncePerRequestFilter.doFilter(OncePerRequestFilter.java:116)
	at org.apache.catalina.core.ApplicationFilterChain.internalDoFilter(ApplicationFilterChain.java:174)
	at org.apache.catalina.core.ApplicationFilterChain.doFilter(ApplicationFilterChain.java:149)
	at org.springframework.web.filter.CharacterEncodingFilter.doFilterInternal(CharacterEncodingFilter.java:201)
	at org.springframework.web.filter.OncePerRequestFilter.doFilter(OncePerRequestFilter.java:116)
	at org.apache.catalina.core.ApplicationFilterChain.internalDoFilter(ApplicationFilterChain.java:174)
	at org.apache.catalina.core.ApplicationFilterChain.doFilter(ApplicationFilterChain.java:149)
	at org.apache.catalina.core.StandardWrapperValve.invoke(StandardWrapperValve.java:167)
	at org.apache.catalina.core.StandardContextValve.invoke(StandardContextValve.java:90)
	at org.apache.catalina.authenticator.AuthenticatorBase.invoke(AuthenticatorBase.java:482)
	at org.apache.catalina.core.StandardHostValve.invoke(StandardHostValve.java:115)
	at org.apache.catalina.valves.ErrorReportValve.invoke(ErrorReportValve.java:93)
	at org.apache.catalina.core.StandardEngineValve.invoke(StandardEngineValve.java:74)
	at org.apache.catalina.connector.CoyoteAdapter.service(CoyoteAdapter.java:340)
	at org.apache.coyote.http11.Http11Processor.service(Http11Processor.java:391)
	at org.apache.coyote.AbstractProcessorLight.process(AbstractProcessorLight.java:63)
	at org.apache.coyote.AbstractProtocol$ConnectionHandler.process(AbstractProtocol.java:896)
	at org.apache.tomcat.util.net.NioEndpoint$SocketProcessor.doRun(NioEndpoint.java:1744)
	at org.apache.tomcat.util.net.SocketProcessorBase.run(SocketProcessorBase.java:52)
	at org.apache.tomcat.util.threads.ThreadPoolExecutor.runWorker(ThreadPoolExecutor.java:1191)
	at org.apache.tomcat.util.threads.ThreadPoolExecutor$Worker.run(ThreadPoolExecutor.java:659)
	at org.apache.tomcat.util.threads.TaskThread$WrappingRunnable.run(TaskThread.java:61)
	at java.base/java.lang.Thread.run(Thread.java:833)
Caused by: java.sql.SQLSyntaxErrorException: (conn=207) Unknown column 'room_left_ea' in 'field list'
	at org.mariadb.jdbc.export.ExceptionFactory.createException(ExceptionFactory.java:282)
	at org.mariadb.jdbc.export.ExceptionFactory.create(ExceptionFactory.java:370)
	at org.mariadb.jdbc.message.ClientMessage.readPacket(ClientMessage.java:134)
	at org.mariadb.jdbc.client.impl.StandardClient.readPacket(StandardClient.java:883)
	at org.mariadb.jdbc.client.impl.StandardClient.readResults(StandardClient.java:822)
	at org.mariadb.jdbc.client.impl.StandardClient.readResponse(StandardClient.java:741)
	at org.mariadb.jdbc.client.impl.StandardClient.execute(StandardClient.java:665)
	at org.mariadb.jdbc.ClientPreparedStatement.executeInternal(ClientPreparedStatement.java:92)
	at org.mariadb.jdbc.ClientPreparedStatement.execute(ClientPreparedStatement.java:271)
	at com.zaxxer.hikari.pool.ProxyPreparedStatement.execute(ProxyPreparedStatement.java:44)
	at com.zaxxer.hikari.pool.HikariProxyPreparedStatement.execute(HikariProxyPreparedStatement.java)
	at org.apache.ibatis.executor.statement.PreparedStatementHandler.update(PreparedStatementHandler.java:48)
	at org.apache.ibatis.executor.statement.RoutingStatementHandler.update(RoutingStatementHandler.java:75)
	at org.apache.ibatis.executor.SimpleExecutor.doUpdate(SimpleExecutor.java:50)
	at org.apache.ibatis.executor.BaseExecutor.update(BaseExecutor.java:117)
	at org.apache.ibatis.executor.CachingExecutor.update(CachingExecutor.java:76)
	at org.apache.ibatis.session.defaults.DefaultSqlSession.update(DefaultSqlSession.java:197)
	at org.apache.ibatis.session.defaults.DefaultSqlSession.insert(DefaultSqlSession.java:184)
	at java.base/jdk.internal.reflect.NativeMethodAccessorImpl.invoke0(Native Method)
	at java.base/jdk.internal.reflect.NativeMethodAccessorImpl.invoke(NativeMethodAccessorImpl.java:77)
	at java.base/jdk.internal.reflect.DelegatingMethodAccessorImpl.invoke(DelegatingMethodAccessorImpl.java:43)
	at java.base/java.lang.reflect.Method.invoke(Method.java:568)
	at org.mybatis.spring.SqlSessionTemplate$SqlSessionInterceptor.invoke(SqlSessionTemplate.java:425)
	... 126 common frames omitted
[2024-01-29 00:00:51 [33mWARN [0;39m http-nio-8081-exec-1] [org.springframework.web.servlet.mvc.method.annotation.ExceptionHandlerExceptionResolver] [36mResolved [org.springframework.jdbc.BadSqlGrammarException: <EOL><EOL>### Error updating database.  Cause: java.sql.SQLSyntaxErrorException: (conn=207) Unknown column 'room_left_ea' in 'field list'<EOL><EOL>### The error may exist in file [E:\spring\project_test_2\target\classes\mappers\HotelMapper.xml]<EOL><EOL>### The error may involve defaultParameterMap<EOL><EOL>### The error occurred while setting parameters<EOL><EOL>### SQL: INSERT INTO t_hotel_res_room         (hotel_room_pk , room_left_ea , room_date)         VALUES                        (? , ? , ?)          ,              (? , ? , ?)          ,              (? , ? , ?)          ,              (? , ? , ?)          ,              (? , ? , ?)          ,              (? , ? , ?)          ,              (? , ? , ?)          ,              (? , ? , ?)          ,              (? , ? , ?)          ,              (? , ? , ?)          ,              (? , ? , ?)          ,              (? , ? , ?)          ,              (? , ? , ?)          ,              (? , ? , ?)          ,              (? , ? , ?)          ,              (? , ? , ?)          ,              (? , ? , ?)          ,              (? , ? , ?)          ,              (? , ? , ?)          ,              (? , ? , ?)          ,              (? , ? , ?)          ,              (? , ? , ?)          ,              (? , ? , ?)          ,              (? , ? , ?)          ,              (? , ? , ?)          ,              (? , ? , ?)          ,              (? , ? , ?)          ,              (? , ? , ?)          ,              (? , ? , ?)          ,              (? , ? , ?)          ,              (? , ? , ?)          ,              (? , ? , ?)          ,              (? , ? , ?)          ,              (? , ? , ?)          ,              (? , ? , ?)          ,              (? , ? , ?)          ,              (? , ? , ?)          ,              (? , ? , ?)          ,              (? , ? , ?)          ,              (? , ? , ?)          ,              (? , ? , ?)          ,              (? , ? , ?)          ,              (? , ? , ?)          ,              (? , ? , ?)          ,              (? , ? , ?)          ,              (? , ? , ?)          ,              (? , ? , ?)          ,              (? , ? , ?)          ,              (? , ? , ?)          ,              (? , ? , ?)          ,              (? , ? , ?)          ,              (? , ? , ?)          ,              (? , ? , ?)          ,              (? , ? , ?)          ,              (? , ? , ?)          ,              (? , ? , ?)          ,              (? , ? , ?)          ,              (? , ? , ?)          ,              (? , ? , ?)          ,              (? , ? , ?)<EOL><EOL>### Cause: java.sql.SQLSyntaxErrorException: (conn=207) Unknown column 'room_left_ea' in 'field list'<EOL>; bad SQL grammar []][0;39m
[2024-01-29 00:01:42 [32mINFO [0;39m SpringApplicationShutdownHook] [com.zaxxer.hikari.HikariDataSource] [36mHikariPool-1 - Shutdown initiated...[0;39m
[2024-01-29 00:01:42 [32mINFO [0;39m SpringApplicationShutdownHook] [com.zaxxer.hikari.HikariDataSource] [36mHikariPool-1 - Shutdown completed.[0;39m
